#-----------------------------------------------------------
# Vivado v2019.2 (64-bit)
# SW Build 2708876 on Wed Nov  6 21:40:23 MST 2019
# IP Build 2700528 on Thu Nov  7 00:09:20 MST 2019
# Start of session at: Wed May 13 15:28:53 2020
# Process ID: 11924
# Current directory: C:/Users/Simone Ruffini/VivadoProjects/NonVolatileProcEmul-FPGA/NVA_EMULATOR
# Command line: vivado.exe -gui_launcher_event rodinguilauncherevent7636 C:\Users\Simone Ruffini\VivadoProjects\NonVolatileProcEmul-FPGA\NVA_EMULATOR\NVA_EMULATOR.xpr
# Log file: C:/Users/Simone Ruffini/VivadoProjects/NonVolatileProcEmul-FPGA/NVA_EMULATOR/vivado.log
# Journal file: C:/Users/Simone Ruffini/VivadoProjects/NonVolatileProcEmul-FPGA/NVA_EMULATOR\vivado.jou
#-----------------------------------------------------------
start_gui
open_project {C:/Users/Simone Ruffini/VivadoProjects/NonVolatileProcEmul-FPGA/NVA_EMULATOR/NVA_EMULATOR.xpr}
Scanning sources...
Finished scanning sources
WARNING: [filemgmt 56-3] IPUserFilesDir: Could not find the directory 'C:/Users/Simone Ruffini/VivadoProjects/NonVolatileProcEmul-FPGA/NVA_EMULATOR/NVA_EMULATOR.ip_user_files'.
INFO: [IP_Flow 19-234] Refreshing IP repositories
INFO: [IP_Flow 19-1704] No user IP repositories specified
INFO: [IP_Flow 19-2313] Loaded Vivado IP repository 'C:/Xilinx/Vivado/2019.2/data/ip'.
open_project: Time (s): cpu = 00:00:19 ; elapsed = 00:00:11 . Memory (MB): peak = 742.535 ; gain = 96.535
update_compile_order -fileset sources_1
export_ip_user_files -of_objects  [get_files {{C:/Users/Simone Ruffini/VivadoProjects/NonVolatileProcEmul-FPGA/NVA_EMULATOR/NVA_EMULATOR.srcs/sources_1/new/package.vhd}}] -no_script -reset -force -quiet
remove_files  {{C:/Users/Simone Ruffini/VivadoProjects/NonVolatileProcEmul-FPGA/NVA_EMULATOR/NVA_EMULATOR.srcs/sources_1/new/package.vhd}}
export_ip_user_files -of_objects  [get_files {{C:/Users/Simone Ruffini/VivadoProjects/NonVolatileProcEmul-FPGA/NVA_EMULATOR/NVA_EMULATOR.srcs/sources_1/new/power_approximation.vhd}}] -no_script -reset -force -quiet
remove_files  {{C:/Users/Simone Ruffini/VivadoProjects/NonVolatileProcEmul-FPGA/NVA_EMULATOR/NVA_EMULATOR.srcs/sources_1/new/power_approximation.vhd}}
add_files {{C:/Users/Simone Ruffini/VivadoProjects/NonVolatileProcEmul-FPGA/src/power_approximation.vhd} {C:/Users/Simone Ruffini/VivadoProjects/NonVolatileProcEmul-FPGA/src/package.vhd}}
update_compile_order -fileset sources_1
exit
INFO: [Common 17-206] Exiting Vivado at Wed May 13 15:37:21 2020...
