#-----------------------------------------------------------
# Vivado v2020.1 (64-bit)
# SW Build 2902540 on Wed May 27 19:54:49 MDT 2020
# IP Build 2902112 on Wed May 27 22:43:36 MDT 2020
# Start of session at: Tue Aug 11 19:08:48 2020
# Process ID: 1352
# Current directory: C:/Users/Simone Ruffini/VivadoProjects/NonVolatileProcEmul-FPGA/vivado
# Command line: vivado.exe -gui_launcher_event rodinguilauncherevent9784 C:\Users\Simone Ruffini\VivadoProjects\NonVolatileProcEmul-FPGA\vivado\NVA_EMULATOR.xpr
# Log file: C:/Users/Simone Ruffini/VivadoProjects/NonVolatileProcEmul-FPGA/vivado/vivado.log
# Journal file: C:/Users/Simone Ruffini/VivadoProjects/NonVolatileProcEmul-FPGA/vivado\vivado.jou
#-----------------------------------------------------------
start_gui
open_project {C:/Users/Simone Ruffini/VivadoProjects/NonVolatileProcEmul-FPGA/vivado/NVA_EMULATOR.xpr}
INFO: [Project 1-313] Project file moved from 'C:/Users/Simone Ruffini/VivadoProjects/NonVolatileProcEmul-FPGA/NVA_EMULATOR' since last save.
CRITICAL WARNING: [Project 1-19] Could not find the file 'C:/Users/Simone Ruffini/VivadoProjects/NonVolatileProcEmul-FPGA/test/vol_cntr_testbench_behav.wcfg'.
Scanning sources...
Finished scanning sources
INFO: [IP_Flow 19-234] Refreshing IP repositories
INFO: [IP_Flow 19-1704] No user IP repositories specified
INFO: [IP_Flow 19-2313] Loaded Vivado IP repository 'C:/Xilinx/Vivado/2020.1/data/ip'.
open_project: Time (s): cpu = 00:00:18 ; elapsed = 00:00:10 . Memory (MB): peak = 1021.391 ; gain = 0.000
update_compile_order -fileset sources_1
set_property source_mgmt_mode None [current_project]
export_ip_user_files -of_objects  [get_files {{C:/Users/Simone Ruffini/VivadoProjects/NonVolatileProcEmul-FPGA/vivado/NVA_EMULATOR.srcs/sources_1/new/fsm_nv_reg_cb.vhd}}] -no_script -reset -force -quiet
remove_files  {{C:/Users/Simone Ruffini/VivadoProjects/NonVolatileProcEmul-FPGA/vivado/NVA_EMULATOR.srcs/sources_1/new/fsm_nv_reg_cb.vhd}}
add_files -norecurse {{C:/Users/Simone Ruffini/VivadoProjects/NonVolatileProcEmul-FPGA/src/fsm_nv_reg_cb.vhd}}
